<?xml version="1.0" encoding="UTF-8"?>
<!-- Generated by org.testng.reporters.JUnitXMLReporter -->
<testsuite ignored="0" hostname="Lakkappa" failures="2" tests="8" name="Test" time="29.342" errors="0" timestamp="2024-07-25T17:04:27 IST">
  <testcase classname="TestCase.Home" name="test1" time="0.056"/>
  <testcase classname="TestCase.Home" name="test2" time="0.003"/>
  <testcase classname="TestCase.Home" name="testBingSearch" time="0.612">
    <skipped/>
  </testcase> <!-- testBingSearch -->
  <testcase classname="TestCase.Home" name="testBingSearch" time="0.604">
    <skipped/>
  </testcase> <!-- testBingSearch -->
  <testcase classname="TestCase.Home" name="testBingSearch" time="0.488">
    <failure type="java.lang.AssertionError" message="expected [true] but found [false]">
      <![CDATA[java.lang.AssertionError: expected [true] but found [false]
at TestCase.Home.testBingSearch(Home.java:30)
at java.base/java.util.ArrayList.forEach(ArrayList.java:1511)
... Removed 31 stack frames]]>
    </failure>
  </testcase> <!-- testBingSearch -->
  <testcase classname="TestCase.Home" name="testGoogleSearch" time="2.095">
    <skipped/>
  </testcase> <!-- testGoogleSearch -->
  <testcase classname="TestCase.Home" name="testGoogleSearch" time="2.607">
    <skipped/>
  </testcase> <!-- testGoogleSearch -->
  <testcase classname="TestCase.Home" name="testGoogleSearch" time="3.583">
    <failure type="java.lang.AssertionError" message="expected [true] but found [false]">
      <![CDATA[java.lang.AssertionError: expected [true] but found [false]
at TestCase.Home.testGoogleSearch(Home.java:21)
at java.base/java.util.ArrayList.forEach(ArrayList.java:1511)
... Removed 31 stack frames]]>
    </failure>
  </testcase> <!-- testGoogleSearch -->
</testsuite> <!-- Test -->
